<?xml version="1.0" encoding="UTF-8"?>
<!-- Generated by org.testng.reporters.JUnitReportReporter -->
<testsuite skipped="0" hostname="krahul-lp" name="files.DynamicJson" tests="3" failures="0" timestamp="2022-10-18T23:58:59 IST" time="4.096" errors="0">
  <testcase name="addBook" time="0.362" classname="files.DynamicJson"/>
  <system-out/>
  <testcase name="addBook" time="3.396" classname="files.DynamicJson"/>
  <system-out/>
  <testcase name="addBook" time="0.338" classname="files.DynamicJson"/>
  <system-out/>
</testsuite> <!-- files.DynamicJson -->
